Removed Pin From Net: NetName=GND Pin=C3-2
Removed Pin From Net: NetName=GND Pin=C4-2
Removed Pin From Net: NetName=GND Pin=IC1-1
Removed Pin From Net: NetName=IO2 Pin=IC1-8
Removed Pin From Net: NetName=D2 Pin=IC1-9
Removed Pin From Net: NetName=VCC2 Pin=IC1-10
Removed Pin From Net: NetName=D1 Pin=IC1-11
Removed Pin From Net: NetName=VCC2 Pin=IC1-12
Removed Pin From Net: NetName=IO1 Pin=IC1-13
Removed Pin From Net: NetName=GND Pin=IC1-14
Removed Pin From Net: NetName=VCC2 Pin=IC1-15
Removed Pin From Net: NetName=VCC2 Pin=IC1-16
Removed Pin From Net: NetName=ADC0 Pin=IC2-1
Removed Pin From Net: NetName=ADC1 Pin=IC2-2
Removed Pin From Net: NetName=GND Pin=IC2-3
Removed Pin From Net: NetName=GND Pin=IC2-4
Removed Pin From Net: NetName=B1 Pin=IC2-5
Removed Pin From Net: NetName=B2 Pin=IC2-6
Removed Pin From Net: NetName=GND Pin=IC2-7
Removed Pin From Net: NetName=VCC3 Pin=IC2-8
Removed Member From Class: ClassName=RS232_M_V1 Member=C2
Removed Member From Class: ClassName=RS232_M_V1 Member=C3
Removed Member From Class: ClassName=RS232_M_V1 Member=C4
Removed Member From Class: ClassName=RS232_M_V1 Member=C5
Removed Member From Class: ClassName=RS232_M_V1 Member=IC2
Change Component Footprint: Designator=IC1 Old Footprint=SOP65P778X199-16N New Footprint=SON127P800X600X80-9N-D
Change Component Comment : Designator=IC1 Old Comment=MAX3221ECAE+ New Comment=TH58CVG3S0HRAIJ
Change component parameters: Designator = "IC1"; Footprint = "SON127P800X600X80-9N-D"; UniqueID = "\ZBBLNFSY"
Change component parameters. Clean all parameters for all variants
Change component parameters (AddParameter): Name = "Datasheet Link"; Value = "https://business.kioxia.com/info/docget.jsp?did=58602&prodName=TH58CVG3S0HRAIJ"; VariantName = "[No Variations]"
Change component parameters (AddParameter): Name = "Height"; Value = "0.8mm"; VariantName = "[No Variations]"
Change component parameters (AddParameter): Name = "Manufacturer_Name"; Value = "Kioxia America"; VariantName = "[No Variations]"
Change component parameters (AddParameter): Name = "Manufacturer_Part_Number"; Value = "TH58CVG3S0HRAIJ"; VariantName = "[No Variations]"
Change component parameters (AddParameter): Name = "Mouser2 Part Number"; Value = ""; VariantName = "[No Variations]"
Change component parameters (AddParameter): Name = "Mouser2 Price/Stock"; Value = ""; VariantName = "[No Variations]"
Change component parameters (AddParameter): Name = "Supplier 1"; Value = "Mouser"; VariantName = "[No Variations]"
Change component parameters (AddParameter): Name = "Supplier Part Number 1"; Value = "757-TH58CVG3S0HRAIJ"; VariantName = "[No Variations]"
Change Class Name : Old Net Name=RS232_M_V1 New Net Name=MEM_M_V1
Change Room Name: Old Name=RS232_M_V1 New Name=MEM_M_V1
Change Room Scope: Old Scope=InComponentClass('RS232_M_V1') New Scope=InComponentClass('MEM_M_V1')
