Added Pin To Net: NetName=GND Pin=H2-36
Added Pin To Net: NetName=VCC2 Pin=H2-39
Added Pin To Net: NetName=VCC3 Pin=H2-40
Added Pin To Net: NetName=UART1_1 Pin=H2-41
Added Pin To Net: NetName=UART1_2 Pin=H2-42
Added Pin To Net: NetName=ADC1 Pin=H1-52
Added Pin To Net: NetName=ADC1 Pin=H2-37
Added Net: Name=ADC1
Added Pin To Net: NetName=ADC2 Pin=H1-51
Added Pin To Net: NetName=ADC2 Pin=H2-38
Added Net: Name=ADC2
Added Pin To Net: NetName=ADC3 Pin=H1-50
Added Net: Name=ADC3
Added Pin To Net: NetName=ADC4 Pin=H1-49
Added Net: Name=ADC4
Added Pin To Net: NetName=ADC5 Pin=H1-48
Added Net: Name=ADC5
Added Pin To Net: NetName=PTP1 Pin=H2-34
Added Net: Name=PTP1
Added Pin To Net: NetName=PTP2 Pin=H2-35
Added Net: Name=PTP2
