Removed Pin From Net: NetName=GND Pin=H1_T-1
Removed Pin From Net: NetName=DTR_BRIDGE Pin=H1_T-2
Removed Pin From Net: NetName=+3.3 Pin=H1_T-4
Removed Pin From Net: NetName=USART1_RX Pin=H1_T-6
Removed Pin From Net: NetName=USART1_TX Pin=H1_T-7
Removed Pin From Net: NetName=RS232_TX Pin=H1_T-8
Removed Pin From Net: NetName=RS232_RX Pin=H1_T-9
Removed Pin From Net: NetName=DTR_BRIDGE Pin=H2_B-1
Removed Pin From Net: NetName=GND Pin=H2_B-9
Removed Member From Class: ClassName=RS232 Member=H1_T
Removed Member From Class: ClassName=RS232 Member=H2_B
Change Component Comment : Designator=U1 Old Comment=ST3232BDR New Comment=ST3232BTR
Change component parameters: Designator = "U1"; Footprint = "SOP65P640X112-16N"; UniqueID = "\VGKZDROK"
Change component parameters. Clean all parameters for all variants
Change component parameters (AddParameter): Name = "Digi-Key_Part_Number"; Value = "497-6533-1-ND"; VariantName = "[No Variations]"
Change component parameters (AddParameter): Name = "Digi-Key_Purchase_URL"; Value = "https://www.digikey.ru/product-detail/en/stmicroelectronics/ST3232BDR/497-6533-1-ND/1865366?utm_source=snapeda&utm_medium=aggregator&utm_campaign=symbol"; VariantName = "[No Variations]"
Change component parameters (AddParameter): Name = "MF"; Value = "STMicroelectronics"; VariantName = "[No Variations]"
Change component parameters (AddParameter): Name = "MP"; Value = "ST3232BDR"; VariantName = "[No Variations]"
Change component parameters (AddParameter): Name = "Package"; Value = "SOIC-16 STMicroelectronics"; VariantName = "[No Variations]"
Change component parameters (AddParameter): Name = "SnapEDA_Link"; Value = "https://www.snapeda.com/parts/ST3232BDR/STMicroelectronics/view-part/?ref=snap"; VariantName = "[No Variations]"
Change component parameters (AddParameter): Name = "Supplier 1"; Value = "Mouser"; VariantName = "[No Variations]"
Change component parameters (AddParameter): Name = "Supplier Part Number 1"; Value = "511-ST3232BT"; VariantName = "[No Variations]"
Change component parameters (AddParameter): Name = "Value"; Value = ""; VariantName = "[No Variations]"
Added Component: Designator=H1(CASTELLATED 11 pin)
Add component. Clean all parameters for all variants
Added Component: Designator=H2(CASTELLATED 11 pin)
Add component. Clean all parameters for all variants
Added Pin To Net: NetName=USART1_RX Pin=H1-1
Added Pin To Net: NetName=USART1_TX Pin=H1-2
Added Pin To Net: NetName=RS232_TX Pin=H1-3
Added Pin To Net: NetName=RS232_RX Pin=H1-4
Added Pin To Net: NetName=DTR_BRIDGE Pin=H2-1
Added Pin To Net: NetName=+3.3 Pin=H2-6
Added Pin To Net: NetName=GND Pin=H2-11
Change Class Name : Old Net Name=RS232 New Net Name=RS232_M_V1
Added Member To Class: ClassName=RS232_M_V1 Member=Component H1 CASTELLATED 11 pin
Added Member To Class: ClassName=RS232_M_V1 Member=Component H2 CASTELLATED 11 pin
Change Room Name: Old Name=RS232 New Name=RS232_M_V1
Change Room Scope: Old Scope=InComponentClass('RS232') New Scope=InComponentClass('RS232_M_V1')
