Removed Pin From Net: NetName=VCC2 Pin=C1-1
Removed Pin From Net: NetName=GND Pin=C1-2
Removed Pin From Net: NetName=GND Pin=C3-2
Removed Pin From Net: NetName=GND Pin=C4-2
Removed Pin From Net: NetName=VCC3 Pin=C21-1
Removed Pin From Net: NetName=GND Pin=C21-2
Removed Pin From Net: NetName=D2 Pin=H1-5
Removed Pin From Net: NetName=GND Pin=IC1-1
Removed Pin From Net: NetName=IO2 Pin=IC1-8
Removed Pin From Net: NetName=D2 Pin=IC1-9
Removed Pin From Net: NetName=VCC2 Pin=IC1-10
Removed Pin From Net: NetName=D1 Pin=IC1-11
Removed Pin From Net: NetName=VCC2 Pin=IC1-12
Removed Pin From Net: NetName=IO1 Pin=IC1-13
Removed Pin From Net: NetName=GND Pin=IC1-14
Removed Pin From Net: NetName=VCC2 Pin=IC1-15
Removed Pin From Net: NetName=VCC2 Pin=IC1-16
Removed Pin From Net: NetName=GND Pin=IC2-3
Removed Pin From Net: NetName=GND Pin=IC2-4
Removed Pin From Net: NetName=B1 Pin=IC2-5
Removed Pin From Net: NetName=B2 Pin=IC2-6
Removed Pin From Net: NetName=GND Pin=IC2-7
Removed Pin From Net: NetName=VCC3 Pin=IC2-8
Removed Pin From Net: NetName=D5 Pin=R1-2
Removed Member From Class: ClassName=RS232_M_V1 Member=C1
Removed Member From Class: ClassName=RS232_M_V1 Member=C2
Removed Member From Class: ClassName=RS232_M_V1 Member=C3
Removed Member From Class: ClassName=RS232_M_V1 Member=C4
Removed Member From Class: ClassName=RS232_M_V1 Member=C5
Removed Member From Class: ClassName=RS232_M_V1 Member=C21
Removed Member From Class: ClassName=RS232_M_V1 Member=IC1
Removed Member From Class: ClassName=RS232_M_V1 Member=IC2
Added Component: Designator=Z1(SOT95P240X115-3N)
Add component. Clean all parameters for all variants
Add component (AddParameter): Name = "Datasheet Link"; Value = "https://fscdn.rohm.com/en/products/databook/datasheet/discrete/diode/zener/bzx84c13vlyfht116-e.pdf"; VariantName = "[No Variations]"
Add component (AddParameter): Name = "Height"; Value = "1.15mm"; VariantName = "[No Variations]"
Add component (AddParameter): Name = "Manufacturer_Name"; Value = "ROHM Semiconductor"; VariantName = "[No Variations]"
Add component (AddParameter): Name = "Manufacturer_Part_Number"; Value = "BZX84C13VLYFHT116"; VariantName = "[No Variations]"
Add component (AddParameter): Name = "Mouser2 Part Number"; Value = ""; VariantName = "[No Variations]"
Add component (AddParameter): Name = "Mouser2 Price/Stock"; Value = ""; VariantName = "[No Variations]"
Add component (AddParameter): Name = "Supplier 1"; Value = "Farnell"; VariantName = "[No Variations]"
Add component (AddParameter): Name = "Supplier Part Number 1"; Value = "3519719"; VariantName = "[No Variations]"
Added Pin To Net: NetName=D4 Pin=H1-5
Added Net: Name=D4
Added Pin To Net: NetName=IO3 Pin=H2-2
Added Net: Name=IO3
Added Pin To Net: NetName=IO4 Pin=H2-1
Added Net: Name=IO4
Change Class Name : Old Net Name=RS232_M_V1 New Net Name=ADC_UART_RX_V1
Added Member To Class: ClassName=ADC_UART_RX_V1 Member=Component Z1 BZX84C13VLYFHT116
Added Room: Name=ADC_UART_RX_V1
