Added Component: Designator=C11(CAPC2012X125N)
Add component. Clean all parameters for all variants
Add component (AddParameter): Name = "Datasheet Link"; Value = "https://componentsearchengine.com/Datasheets/1/C0805C475K3RACAUTO.pdf"; VariantName = "[No Variations]"
Add component (AddParameter): Name = "Height"; Value = "1.25mm"; VariantName = "[No Variations]"
Add component (AddParameter): Name = "Manufacturer_Name"; Value = "Kemet"; VariantName = "[No Variations]"
Add component (AddParameter): Name = "Manufacturer_Part_Number"; Value = "C0805C475K3RACAUTO"; VariantName = "[No Variations]"
Add component (AddParameter): Name = "Mouser2 Part Number"; Value = "80-C0805C475K3RAUTO"; VariantName = "[No Variations]"
Add component (AddParameter): Name = "Mouser2 Price/Stock"; Value = "https://www.mouser.com/Search/Refine.aspx?Keyword=80-C0805C475K3RAUTO"; VariantName = "[No Variations]"
Added Component: Designator=C111(CAPC2012X125N)
Add component. Clean all parameters for all variants
Add component (AddParameter): Name = "Datasheet Link"; Value = "https://componentsearchengine.com/Datasheets/1/C0805C475K3RACAUTO.pdf"; VariantName = "[No Variations]"
Add component (AddParameter): Name = "Height"; Value = "1.25mm"; VariantName = "[No Variations]"
Add component (AddParameter): Name = "Manufacturer_Name"; Value = "Kemet"; VariantName = "[No Variations]"
Add component (AddParameter): Name = "Manufacturer_Part_Number"; Value = "C0805C475K3RACAUTO"; VariantName = "[No Variations]"
Add component (AddParameter): Name = "Mouser2 Part Number"; Value = "80-C0805C475K3RAUTO"; VariantName = "[No Variations]"
Add component (AddParameter): Name = "Mouser2 Price/Stock"; Value = "https://www.mouser.com/Search/Refine.aspx?Keyword=80-C0805C475K3RAUTO"; VariantName = "[No Variations]"
Added Pin To Net: NetName=ADC1 Pin=C11-1
Added Pin To Net: NetName=ETH_VCC Pin=C11-2
Added Pin To Net: NetName=ADC1 Pin=C111-1
Added Pin To Net: NetName=ETH_VCC Pin=C111-2
Added Member To Class: ClassName=ETH_M_V1 Member=Component C11 C0805C475K3RACAUTO
Added Member To Class: ClassName=ETH_M_V1 Member=Component C111 C0805C475K3RACAUTO
