Added Pin To Net: NetName=GND Pin=H1-3
Added Pin To Net: NetName=GND Pin=H1-4
Added Pin To Net: NetName=GND Pin=H1-5
Added Pin To Net: NetName=GND Pin=H1-6
Added Pin To Net: NetName=GND Pin=H1-7
Added Pin To Net: NetName=GND Pin=H1-8
Added Pin To Net: NetName=GND Pin=H2-14
Added Pin To Net: NetName=GND Pin=H2-15
Added Pin To Net: NetName=GND Pin=H2-17
Added Pin To Net: NetName=GND Pin=H2-18
Added Pin To Net: NetName=GND Pin=H2-20
Added Pin To Net: NetName=GND Pin=H2-21
Added Pin To Net: NetName=GND Pin=H2-22
Change Net Name : Old Net Name=+3.3 New Net Name=VCC2
Change Net Name : Old Net Name=ETH_CLKLN New Net Name=D2-2
Change Net Name : Old Net Name=ETH_CRS New Net Name=ETH1_8
Change Net Name : Old Net Name=ETH_MDC New Net Name=ETH1_6
Change Net Name : Old Net Name=ETH_MDIO New Net Name=ETH1_7
Change Net Name : Old Net Name=ETH_NRST New Net Name=ETH1_10
Change Net Name : Old Net Name=ETH_PHYAD0 New Net Name=ETH1_9
Change Net Name : Old Net Name=ETH_REFCLO New Net Name=D2-1
Change Net Name : Old Net Name=ETH_RXD0 New Net Name=ETH1_5
Change Net Name : Old Net Name=ETH_RXD1 New Net Name=ETH1_4
Change Net Name : Old Net Name=ETH_TXD0 New Net Name=ETH1_3
Change Net Name : Old Net Name=ETH_TXD1 New Net Name=ETH1_2
Change Net Name : Old Net Name=ETH_TXEN New Net Name=ETH1_1
Change Net Name : Old Net Name=GND New Net Name=ADC1
