Added Component: Designator=D21(SOD2513X117N)
Add component. Clean all parameters for all variants
Add component (AddParameter): Name = "Datasheet Link"; Value = "https://componentsearchengine.com/Datasheets/1/BAT60JFILM.pdf"; VariantName = "[No Variations]"
Add component (AddParameter): Name = "Height"; Value = "1.17mm"; VariantName = "[No Variations]"
Add component (AddParameter): Name = "Manufacturer_Name"; Value = "STMicroelectronics"; VariantName = "[No Variations]"
Add component (AddParameter): Name = "Manufacturer_Part_Number"; Value = "BAT60JFILM"; VariantName = "[No Variations]"
Add component (AddParameter): Name = "Mouser2 Part Number"; Value = "511-BAT60JFILM"; VariantName = "[No Variations]"
Add component (AddParameter): Name = "Mouser2 Price/Stock"; Value = "https://www.mouser.com/Search/Refine.aspx?Keyword=511-BAT60JFILM"; VariantName = "[No Variations]"
Added Component: Designator=Q1(SOT95P237X112-3N)
Add component. Clean all parameters for all variants
Add component (AddParameter): Name = "Datasheet Link"; Value = ""; VariantName = "[No Variations]"
Add component (AddParameter): Name = "Height"; Value = "1.12mm"; VariantName = "[No Variations]"
Add component (AddParameter): Name = "Manufacturer_Name"; Value = "Infineon"; VariantName = "[No Variations]"
Add component (AddParameter): Name = "Manufacturer_Part_Number"; Value = "IRLML6246TRPBF"; VariantName = "[No Variations]"
Add component (AddParameter): Name = "Mouser2 Part Number"; Value = ""; VariantName = "[No Variations]"
Add component (AddParameter): Name = "Mouser2 Price/Stock"; Value = ""; VariantName = "[No Variations]"
Added Component: Designator=Z1(SOD123)
Add component. Clean all parameters for all variants
Add component (AddParameter): Name = "Datasheet Link"; Value = "https://componentsearchengine.com/Datasheets/1/BZT52-C3V6J.pdf"; VariantName = "[No Variations]"
Add component (AddParameter): Name = "Manufacturer_Name"; Value = "Nexperia"; VariantName = "[No Variations]"
Add component (AddParameter): Name = "Manufacturer_Part_Number"; Value = "BZT52-C3V6J"; VariantName = "[No Variations]"
Add component (AddParameter): Name = "Mouser2 Part Number"; Value = "771-BZT52-C3V6J"; VariantName = "[No Variations]"
Add component (AddParameter): Name = "Mouser2 Price/Stock"; Value = "https://www.mouser.com/Search/Refine.aspx?Keyword=771-BZT52-C3V6J"; VariantName = "[No Variations]"
Added Pin To Net: NetName=BOOT0 Pin=D21-1
Added Pin To Net: NetName=NetC21_2 Pin=D21-2
Added Pin To Net: NetName=NetC21_1 Pin=Q1-1
Added Pin To Net: NetName=GND Pin=Q1-2
Added Pin To Net: NetName=RESET Pin=Q1-3
Added Pin To Net: NetName=NetC21_2 Pin=Z1-1
Added Pin To Net: NetName=GND Pin=Z1-2
Added Member To Class: ClassName=MCU_M_V1 Member=Component D21 BAT60JFILM
Added Member To Class: ClassName=MCU_M_V1 Member=Component Q1 IRLML6246TRPBF
Added Member To Class: ClassName=MCU_M_V1 Member=Component Z1 BZT52-C3V6J
