Added Component: Designator=Y2(NX3215SA)
Add component. Clean all parameters for all variants
Add component (AddParameter): Name = "Datasheet Link"; Value = "https://componentsearchengine.com/Datasheets/1/NX3215SA-32.768K-STD-MUA-8.pdf"; VariantName = "[No Variations]"
Add component (AddParameter): Name = "Manufacturer_Name"; Value = "NDK"; VariantName = "[No Variations]"
Add component (AddParameter): Name = "Manufacturer_Part_Number"; Value = "NX3215SA-32.768K-STD-MUA-8"; VariantName = "[No Variations]"
Add component (AddParameter): Name = "Mouser2 Part Number"; Value = "344-NX3215SA32768K8"; VariantName = "[No Variations]"
Add component (AddParameter): Name = "Mouser2 Price/Stock"; Value = "https://www.mouser.com/Search/Refine.aspx?Keyword=344-NX3215SA32768K8"; VariantName = "[No Variations]"
Added Pin To Net: NetName=NetC13_1 Pin=C13-1
Added Pin To Net: NetName=NetC14_1 Pin=C14-1
Added Pin To Net: NetName=NetC13_1 Pin=IC1-3
Added Pin To Net: NetName=NetC14_1 Pin=IC1-4
Added Pin To Net: NetName=NetIC1_7 Pin=IC1-7
Added Pin To Net: NetName=NetC13_1 Pin=Y2-1
Added Pin To Net: NetName=NetC14_1 Pin=Y2-2
Added Member To Class: ClassName=MCU_M_V1 Member=Component C11 5.6pF
Added Member To Class: ClassName=MCU_M_V1 Member=Component C12 5.6pF
Added Member To Class: ClassName=MCU_M_V1 Member=Component C13 5.6pF
Added Member To Class: ClassName=MCU_M_V1 Member=Component C14 5.6pF
Added Member To Class: ClassName=MCU_M_V1 Member=Component H1 CASTELLATED 21 pin
Added Member To Class: ClassName=MCU_M_V1 Member=Component H2 CASTELLATED 21 pin
Added Member To Class: ClassName=MCU_M_V1 Member=Component IC1 STM32F107RCT6
Added Member To Class: ClassName=MCU_M_V1 Member=Component Y1 NX3225GA-25.000M-STD-CRG-1
Added Member To Class: ClassName=MCU_M_V1 Member=Component Y2 NX3215SA-32.768K-STD-MUA-8
