Removed Pin From Net: NetName=ADC1 Pin=H1-3
Removed Pin From Net: NetName=ADC1 Pin=H1-4
Removed Pin From Net: NetName=ADC1 Pin=H1-5
Removed Pin From Net: NetName=ADC1 Pin=H1-6
Removed Pin From Net: NetName=ADC1 Pin=H1-7
Removed Pin From Net: NetName=ADC1 Pin=H1-8
Removed Pin From Net: NetName=ADC1 Pin=H1-9
Removed Pin From Net: NetName=ADC1 Pin=H2-20
Removed Pin From Net: NetName=D2-2 Pin=IC2-5
Removed Pin From Net: NetName=ETH1_9 Pin=IC2-10
Removed Pin From Net: NetName=ETH1_7 Pin=IC2-12
Removed Pin From Net: NetName=ETH1_6 Pin=IC2-13
Removed Pin From Net: NetName=D2-1 Pin=IC2-14
Removed Pin From Net: NetName=ETH1_10 Pin=IC2-15
Removed Pin From Net: NetName=ETH1_2 Pin=R22-2
Removed Pin From Net: NetName=ETH1_3 Pin=R23-2
Removed Pin From Net: NetName=ETH1_1 Pin=R24-2
Removed Pin From Net: NetName=NetIC2_11 Pin=R25-1
Removed Pin From Net: NetName=ETH1_8 Pin=R25-2
Removed Pin From Net: NetName=NetIC2_8 Pin=R26-1
Removed Pin From Net: NetName=ETH1_5 Pin=R26-2
Removed Pin From Net: NetName=NetIC2_7 Pin=R27-1
Removed Pin From Net: NetName=ETH1_4 Pin=R27-2
Change component parameters: Designator = "T1"; Footprint = "H0013NL"; UniqueID = "\MRMEXZHR"
Change component parameters. Clean all parameters for all variants
Change component parameters (AddParameter): Name = "Datasheet Link"; Value = "https://productfinder.pulseeng.com/products/datasheets/H304.pdf"; VariantName = "[No Variations]"
Change component parameters (AddParameter): Name = "Height"; Value = "1mm"; VariantName = "[No Variations]"
Change component parameters (AddParameter): Name = "Manufacturer_Name"; Value = "Pulse"; VariantName = "[No Variations]"
Change component parameters (AddParameter): Name = "Manufacturer_Part_Number"; Value = "H0013NL"; VariantName = "[No Variations]"
Change component parameters (AddParameter): Name = "Mouser2 Part Number"; Value = ""; VariantName = "[No Variations]"
Change component parameters (AddParameter): Name = "Mouser2 Price/Stock"; Value = ""; VariantName = "[No Variations]"
Change component parameters (AddParameter): Name = "Supplier 1"; Value = "Mouser"; VariantName = "[No Variations]"
Change component parameters (AddParameter): Name = "Supplier Part Number 1"; Value = "673-H0013NL"; VariantName = "[No Variations]"
Added Pin To Net: NetName=ETH1_5 Pin=IC2-5
Added Pin To Net: NetName=D2-1 Pin=IC2-10
Added Pin To Net: NetName=ETH1_2 Pin=IC2-12
Added Pin To Net: NetName=ETH1_3 Pin=IC2-13
Added Pin To Net: NetName=ETH1_1 Pin=IC2-14
Added Pin To Net: NetName=D2-2 Pin=IC2-15
Added Pin To Net: NetName=ETH1_10 Pin=R22-2
Added Pin To Net: NetName=ETH1_9 Pin=R23-2
Added Pin To Net: NetName=ETH1_8 Pin=R24-2
Added Pin To Net: NetName=ETH1_4 Pin=R25-1
Added Pin To Net: NetName=NetIC2_11 Pin=R25-2
Added Pin To Net: NetName=ETH1_6 Pin=R26-1
Added Pin To Net: NetName=NetIC2_8 Pin=R26-2
Added Pin To Net: NetName=ETH1_7 Pin=R27-1
Added Pin To Net: NetName=NetIC2_7 Pin=R27-2
Change Net Name : Old Net Name=+3.3_eth New Net Name=ETH_VCC
Added Pin To Net: NetName=I2C1_CLK Pin=H1-7
Added Net: Name=I2C1_CLK
Added Pin To Net: NetName=I2C1_SDA Pin=H1-8
Added Net: Name=I2C1_SDA
Added Pin To Net: NetName=SPI1_CL Pin=H1-4
Added Net: Name=SPI1_CL
Added Pin To Net: NetName=SPI1_MI Pin=H1-6
Added Net: Name=SPI1_MI
Added Pin To Net: NetName=SPI1_MO Pin=H1-5
Added Net: Name=SPI1_MO
Added Pin To Net: NetName=SPI1_SS1 Pin=H1-3
Added Net: Name=SPI1_SS1
Added Pin To Net: NetName=VCC3 Pin=H2-20
Added Net: Name=VCC3
