Change component parameters: Designator = "T1"; Footprint = "H0013NL"; UniqueID = "\MRMEXZHR"
Change component parameters. Clean all parameters for all variants
Change component parameters (AddParameter): Name = "Datasheet Link"; Value = "https://productfinder.pulseeng.com/products/datasheets/H304.pdf"; VariantName = "[No Variations]"
Change component parameters (AddParameter): Name = "Height"; Value = "1mm"; VariantName = "[No Variations]"
Change component parameters (AddParameter): Name = "Manufacturer_Name"; Value = "Pulse"; VariantName = "[No Variations]"
Change component parameters (AddParameter): Name = "Manufacturer_Part_Number"; Value = "H0013NL"; VariantName = "[No Variations]"
Change component parameters (AddParameter): Name = "Mouser2 Part Number"; Value = ""; VariantName = "[No Variations]"
Change component parameters (AddParameter): Name = "Mouser2 Price/Stock"; Value = ""; VariantName = "[No Variations]"
Added Pin To Net: NetName=+3.3_eth Pin=IC1-1
Added Pin To Net: NetName=+3.3_eth Pin=IC1-19
Added Pin To Net: NetName=+3.3_eth Pin=T1-3
Added Pin To Net: NetName=+3.3_eth Pin=T1-6
Added Net: Name=+3.3_eth
Added Pin To Net: NetName=+3.3 Pin=IC1-9
Added Net: Name=+3.3
Added Pin To Net: NetName=ETH_CLKLN Pin=IC1-5
Added Net: Name=ETH_CLKLN
Added Net: Name=ETH_CRS
Added Pin To Net: NetName=ETH_MDC Pin=IC1-13
Added Net: Name=ETH_MDC
Added Pin To Net: NetName=ETH_MDIO Pin=IC1-12
Added Net: Name=ETH_MDIO
Added Pin To Net: NetName=ETH_NRST Pin=IC1-15
Added Net: Name=ETH_NRST
Added Pin To Net: NetName=ETH_PHYAD0 Pin=IC1-10
Added Net: Name=ETH_PHYAD0
Added Pin To Net: NetName=ETH_REFCLO Pin=IC1-14
Added Net: Name=ETH_REFCLO
Added Net: Name=ETH_RXD0
Added Net: Name=ETH_RXD1
Added Net: Name=ETH_TXD0
Added Net: Name=ETH_TXD1
Added Net: Name=ETH_TXEN
Added Pin To Net: NetName=ETHM_RN Pin=IC1-22
Added Pin To Net: NetName=ETHM_RN Pin=T1-2
Added Net: Name=ETHM_RN
Added Pin To Net: NetName=ETHM_RP Pin=IC1-23
Added Pin To Net: NetName=ETHM_RP Pin=T1-1
Added Net: Name=ETHM_RP
Added Pin To Net: NetName=ETHM_TN Pin=IC1-20
Added Pin To Net: NetName=ETHM_TN Pin=T1-8
Added Net: Name=ETHM_TN
Added Pin To Net: NetName=ETHM_TP Pin=IC1-21
Added Pin To Net: NetName=ETHM_TP Pin=T1-7
Added Net: Name=ETHM_TP
Added Pin To Net: NetName=ETHP_RX+ Pin=H2-23
Added Net: Name=ETHP_RX+
Added Pin To Net: NetName=ETHP_RX- Pin=H2-24
Added Net: Name=ETHP_RX-
Added Pin To Net: NetName=ETHP_TX+ Pin=H1-1
Added Net: Name=ETHP_TX+
Added Pin To Net: NetName=ETHP_TX- Pin=H1-2
Added Net: Name=ETHP_TX-
Added Pin To Net: NetName=GND Pin=IC1-25
Added Net: Name=GND
Added Pin To Net: NetName=NetC?_1 Pin=IC1-6
Added Net: Name=NetC?_1
Added Pin To Net: NetName=NetIC1_2 Pin=IC1-2
Added Net: Name=NetIC1_2
Added Pin To Net: NetName=NetIC1_3 Pin=IC1-3
Added Net: Name=NetIC1_3
Added Pin To Net: NetName=NetIC1_7 Pin=IC1-7
Added Net: Name=NetIC1_7
Added Pin To Net: NetName=NetIC1_8 Pin=IC1-8
Added Net: Name=NetIC1_8
Added Pin To Net: NetName=NetIC1_11 Pin=IC1-11
Added Net: Name=NetIC1_11
Added Pin To Net: NetName=NetIC1_16 Pin=IC1-16
Added Net: Name=NetIC1_16
Added Pin To Net: NetName=NetIC1_17 Pin=IC1-17
Added Net: Name=NetIC1_17
Added Pin To Net: NetName=NetIC1_18 Pin=IC1-18
Added Net: Name=NetIC1_18
Added Pin To Net: NetName=NetIC1_24 Pin=IC1-24
Added Net: Name=NetIC1_24
Added Net: Name=NetR?_1
Added Pin To Net: NetName=NetR?_2 Pin=T1-14
Added Net: Name=NetR?_2
