Removed Pin From Net: NetName=GND Pin=H1-11
Added Pin To Net: NetName=GND Pin=H1-3
Added Pin To Net: NetName=GND Pin=H2-9
Change Net Name : Old Net Name=+3.3 New Net Name=VCC2
Added Pin To Net: NetName=D1-1 Pin=H2-1
Added Pin To Net: NetName=D1-1 Pin=H2-10
Added Net: Name=D1-1
Added Pin To Net: NetName=GLIDER_P3 Pin=H1-10
Added Pin To Net: NetName=GLIDER_P3 Pin=U1-14
Added Net: Name=GLIDER_P3
Added Pin To Net: NetName=GLIDER_P4 Pin=H1-11
Added Pin To Net: NetName=GLIDER_P4 Pin=U1-13
Added Net: Name=GLIDER_P4
Added Pin To Net: NetName=UART2_1 Pin=H1-8
Added Pin To Net: NetName=UART2_1 Pin=U1-11
Added Net: Name=UART2_1
Added Pin To Net: NetName=UART2_2 Pin=H1-9
Added Pin To Net: NetName=UART2_2 Pin=U1-12
Added Net: Name=UART2_2
Added Member To Class: ClassName=RS232_M_V1 Member=Component H2 CASTELLATED 11 pin
