Removed Pin From Net: NetName=D5 Pin=IC1-2
Removed Pin From Net: NetName=D5 Pin=IC1-3
Removed Pin From Net: NetName=GND Pin=IC1-5
Removed Pin From Net: NetName=A1 Pin=IC1-6
Removed Pin From Net: NetName=B1 Pin=IC1-7
Removed Pin From Net: NetName=VCC2 Pin=IC1-8
Removed Pin From Net: NetName=D6 Pin=IC2-2
Removed Pin From Net: NetName=D6 Pin=IC2-3
Removed Pin From Net: NetName=GND Pin=IC2-5
Removed Pin From Net: NetName=A2 Pin=IC2-6
Removed Pin From Net: NetName=B2 Pin=IC2-7
Removed Pin From Net: NetName=VCC2 Pin=IC2-8
Removed Pin From Net: NetName=GND Pin=R1-1
Removed Pin From Net: NetName=D5 Pin=R1-2
Removed Pin From Net: NetName=D6 Pin=R2-1
Removed Pin From Net: NetName=GND Pin=R2-2
Removed Pin From Net: NetName=A1 Pin=R3-1
Removed Pin From Net: NetName=B1 Pin=R3-2
Removed Pin From Net: NetName=A2 Pin=R4-1
Removed Pin From Net: NetName=B2 Pin=R4-2
Removed Pin From Net: NetName=D2 Pin=R5-1
Removed Pin From Net: NetName=D1 Pin=R6-1
Removed Pin From Net: NetName=D1 Pin=R7-1
Removed Pin From Net: NetName=D2 Pin=R8-1
Added Class: Name=CAN_USB_M_V1
Change Room Name: Old Name=RS485_M_V1 New Name=CAN_USB_M_V1
Change Room Scope: Old Scope=InComponentClass('RS485_M_V1') New Scope=InComponentClass('CAN_USB_M_V1')
