Change Component Designator: OldDesignator=R22 NewDesignator=R23
Change Component Library : Designator=C1 Old Library=* New Library=SamacSys.SchLib
Change Component Library : Designator=C2 Old Library=* New Library=SamacSys.SchLib
Change Component Library : Designator=D3 Old Library=* New Library=SamacSys.SchLib
Change Component Library : Designator=IC2 Old Library=* New Library=SamacSys.SchLib
Change Component Library : Designator=R23 Old Library=* New Library=SamacSys.SchLib
Change component parameters: Designator = "C1"; Footprint = "CAPC1608X90N"; UniqueID = "\EWFUTDHQ"
Change component parameters. Clean all parameters for all variants
Change component parameters (AddParameter): Name = "Datasheet Link"; Value = "https://search.kemet.com/component-edge/download/specsheet/C0603C104K8RACTU.pdf"; VariantName = "[No Variations]"
Change component parameters (AddParameter): Name = "Height"; Value = "0.9mm"; VariantName = "[No Variations]"
Change component parameters (AddParameter): Name = "Manufacturer_Name"; Value = "Kemet"; VariantName = "[No Variations]"
Change component parameters (AddParameter): Name = "Manufacturer_Part_Number"; Value = "C0603C104K8RACTU"; VariantName = "[No Variations]"
Change component parameters (AddParameter): Name = "Mouser2 Part Number"; Value = ""; VariantName = "[No Variations]"
Change component parameters (AddParameter): Name = "Mouser2 Price/Stock"; Value = ""; VariantName = "[No Variations]"
Change component parameters (AddParameter): Name = "Supplier 1"; Value = "Mouser"; VariantName = "[No Variations]"
Change component parameters (AddParameter): Name = "Supplier Part Number 1"; Value = "80-C0603C104K8R"; VariantName = "[No Variations]"
Change component parameters: Designator = "C2"; Footprint = "CAPC1608X90N"; UniqueID = "\GPGTXDWJ"
Change component parameters. Clean all parameters for all variants
Change component parameters (AddParameter): Name = "Datasheet Link"; Value = "https://search.kemet.com/component-edge/download/specsheet/C0603C104K8RACTU.pdf"; VariantName = "[No Variations]"
Change component parameters (AddParameter): Name = "Height"; Value = "0.9mm"; VariantName = "[No Variations]"
Change component parameters (AddParameter): Name = "Manufacturer_Name"; Value = "Kemet"; VariantName = "[No Variations]"
Change component parameters (AddParameter): Name = "Manufacturer_Part_Number"; Value = "C0603C104K8RACTU"; VariantName = "[No Variations]"
Change component parameters (AddParameter): Name = "Mouser2 Part Number"; Value = ""; VariantName = "[No Variations]"
Change component parameters (AddParameter): Name = "Mouser2 Price/Stock"; Value = ""; VariantName = "[No Variations]"
Change component parameters (AddParameter): Name = "Supplier 1"; Value = "Mouser"; VariantName = "[No Variations]"
Change component parameters (AddParameter): Name = "Supplier Part Number 1"; Value = "80-C0603C104K8R"; VariantName = "[No Variations]"
Change component parameters: Designator = "IC1"; Footprint = "SOT65P280X110-8N"; UniqueID = "\EIJWSKQH"
Change component parameters. Clean all parameters for all variants
Change component parameters (AddParameter): Name = "Datasheet Link"; Value = "https://www.ti.com/lit/gpn/TCAN1044V-Q1"; VariantName = "[No Variations]"
Change component parameters (AddParameter): Name = "Height"; Value = "1.1mm"; VariantName = "[No Variations]"
Change component parameters (AddParameter): Name = "Manufacturer_Name"; Value = "Texas Instruments"; VariantName = "[No Variations]"
Change component parameters (AddParameter): Name = "Manufacturer_Part_Number"; Value = "TCAN1044VDDFRQ1"; VariantName = "[No Variations]"
Change component parameters (AddParameter): Name = "Mouser2 Part Number"; Value = ""; VariantName = "[No Variations]"
Change component parameters (AddParameter): Name = "Mouser2 Price/Stock"; Value = ""; VariantName = "[No Variations]"
Change component parameters (AddParameter): Name = "Supplier 1"; Value = "Mouser"; VariantName = "[No Variations]"
Change component parameters (AddParameter): Name = "Supplier Part Number 1"; Value = "595-TCAN1044VDDFRQ1"; VariantName = "[No Variations]"
Change component parameters: Designator = "IC2"; Footprint = "SOT95P280X145-6N"; UniqueID = "\QNGAETBL"
Change component parameters. Clean all parameters for all variants
Change component parameters (AddParameter): Name = "Datasheet Link"; Value = "https://componentsearchengine.com//USBLC6-2SC6.pdf"; VariantName = "[No Variations]"
Change component parameters (AddParameter): Name = "Height"; Value = "1.45mm"; VariantName = "[No Variations]"
Change component parameters (AddParameter): Name = "Manufacturer_Name"; Value = "STMicroelectronics"; VariantName = "[No Variations]"
Change component parameters (AddParameter): Name = "Manufacturer_Part_Number"; Value = "USBLC6-2SC6"; VariantName = "[No Variations]"
Change component parameters (AddParameter): Name = "Mouser2 Part Number"; Value = "511-USBLC6-2SC6"; VariantName = "[No Variations]"
Change component parameters (AddParameter): Name = "Mouser2 Price/Stock"; Value = "https://www.mouser.com/Search/Refine.aspx?Keyword=511-USBLC6-2SC6"; VariantName = "[No Variations]"
Change component parameters (AddParameter): Name = "Supplier 1"; Value = "Mouser"; VariantName = "[No Variations]"
Change component parameters (AddParameter): Name = "Supplier Part Number 1"; Value = "511-USBLC6-2SC6"; VariantName = "[No Variations]"
Change component parameters: Designator = "R23"; Footprint = "RESC1608X55N"; UniqueID = "\JGOVOJRK"
Change component parameters. Clean all parameters for all variants
Change component parameters (AddParameter): Name = "Datasheet Link"; Value = "https://industrial.panasonic.com/cdbs/www-data/pdf/RDM0000/AOA0000C328.pdf"; VariantName = "[No Variations]"
Change component parameters (AddParameter): Name = "Height"; Value = "0.55mm"; VariantName = "[No Variations]"
Change component parameters (AddParameter): Name = "Manufacturer_Name"; Value = "Panasonic"; VariantName = "[No Variations]"
Change component parameters (AddParameter): Name = "Manufacturer_Part_Number"; Value = "ERJ-PB3B1501V"; VariantName = "[No Variations]"
Change component parameters (AddParameter): Name = "Mouser2 Part Number"; Value = ""; VariantName = "[No Variations]"
Change component parameters (AddParameter): Name = "Mouser2 Price/Stock"; Value = ""; VariantName = "[No Variations]"
Change component parameters (AddParameter): Name = "Supplier 1"; Value = "Mouser"; VariantName = "[No Variations]"
Change component parameters (AddParameter): Name = "Supplier Part Number 1"; Value = "667-ERJ-PB3B1501V"; VariantName = "[No Variations]"
Change component parameters: Designator = "D3"; Footprint = "SOT65P210X110-3N"; UniqueID = "\UQITWUZR"
Change component parameters. Clean all parameters for all variants
Change component parameters (AddParameter): Name = "Datasheet Link"; Value = "https://componentsearchengine.com//ESDCAN05-2BWY.pdf"; VariantName = "[No Variations]"
Change component parameters (AddParameter): Name = "Height"; Value = "1.1mm"; VariantName = "[No Variations]"
Change component parameters (AddParameter): Name = "Manufacturer_Name"; Value = "STMicroelectronics"; VariantName = "[No Variations]"
Change component parameters (AddParameter): Name = "Manufacturer_Part_Number"; Value = "ESDCAN05-2BWY"; VariantName = "[No Variations]"
Change component parameters (AddParameter): Name = "Mouser2 Part Number"; Value = "511-ESDCAN05-2BWY"; VariantName = "[No Variations]"
Change component parameters (AddParameter): Name = "Mouser2 Price/Stock"; Value = "https://www.mouser.com/Search/Refine.aspx?Keyword=511-ESDCAN05-2BWY"; VariantName = "[No Variations]"
Change component parameters (AddParameter): Name = "Supplier 1"; Value = "Mouser"; VariantName = "[No Variations]"
Change component parameters (AddParameter): Name = "Supplier Part Number 1"; Value = "511-ESDCAN05-2BWY"; VariantName = "[No Variations]"
Change component parameters (AddParameter): Name = "Supplier Part Number 1"; Value = "511-ESDCAN04-2BWY"; VariantName = "CAN_USB_M_V1 VAR1"
Change component parameters (AddParameter): Name = "Supplier 1"; Value = "Mouser"; VariantName = "CAN_USB_M_V1 VAR1"
Change component parameters (AddParameter): Name = "Mouser2 Price/Stock"; Value = ""; VariantName = "CAN_USB_M_V1 VAR1"
Change component parameters (AddParameter): Name = "Mouser2 Part Number"; Value = "511-ESDCAN04-2BWY"; VariantName = "CAN_USB_M_V1 VAR1"
Change component parameters (AddParameter): Name = "Manufacturer_Part_Number"; Value = "ESDCAN04-2BWY"; VariantName = "CAN_USB_M_V1 VAR1"
Change component parameters (AddParameter): Name = "Manufacturer_Name"; Value = "STMicroelectronics"; VariantName = "CAN_USB_M_V1 VAR1"
Change component parameters (AddParameter): Name = "Height"; Value = "1.1mm"; VariantName = "CAN_USB_M_V1 VAR1"
Change component parameters (AddParameter): Name = "Datasheet Link"; Value = ""; VariantName = "CAN_USB_M_V1 VAR1"
Added Member To Class: ClassName=CAN_USB_M_V1 Member=Component R23 ERJ-PB3B1501V
