Removed Pin From Net: NetName=CAN_TX Pin=H1-10
Removed Pin From Net: NetName=CAN_RX Pin=H1-11
Added Component: Designator=IC1(SOT65P280X110-8N)
Add component. Clean all parameters for all variants
Add component (AddParameter): Name = "Datasheet Link"; Value = "https://www.ti.com/lit/gpn/TCAN1044V-Q1"; VariantName = "[No Variations]"
Add component (AddParameter): Name = "Height"; Value = "1.1mm"; VariantName = "[No Variations]"
Add component (AddParameter): Name = "Manufacturer_Name"; Value = "Texas Instruments"; VariantName = "[No Variations]"
Add component (AddParameter): Name = "Manufacturer_Part_Number"; Value = "TCAN1044VDDFRQ1"; VariantName = "[No Variations]"
Add component (AddParameter): Name = "Mouser2 Part Number"; Value = ""; VariantName = "[No Variations]"
Add component (AddParameter): Name = "Mouser2 Price/Stock"; Value = ""; VariantName = "[No Variations]"
Added Pin To Net: NetName=CAN_TX Pin=IC1-1
Added Pin To Net: NetName=GND Pin=IC1-2
Added Pin To Net: NetName=CAN_RX Pin=IC1-4
Added Pin To Net: NetName=VCC2 Pin=IC1-5
Added Pin To Net: NetName=CAN_H Pin=H1-11
Added Pin To Net: NetName=CAN_H Pin=IC1-7
Added Net: Name=CAN_H
Added Pin To Net: NetName=CAN_L Pin=H1-10
Added Pin To Net: NetName=CAN_L Pin=IC1-6
Added Net: Name=CAN_L
Added Pin To Net: NetName=VCC3 Pin=H1-7
Added Pin To Net: NetName=VCC3 Pin=IC1-3
Added Net: Name=VCC3
Added Member To Class: ClassName=CAN_USB_M_V1 Member=Component IC1 TCAN1044VDDFRQ1
