Change Net Name : Old Net Name=D2-1 New Net Name=ETH_PHYAD0
Change Net Name : Old Net Name=D2-2 New Net Name=ETH_NRST
Change Net Name : Old Net Name=ETH1_1 New Net Name=ETH_REFCLO
Change Net Name : Old Net Name=ETH1_2 New Net Name=ETH_MDIO
Change Net Name : Old Net Name=ETH1_3 New Net Name=ETH_MDC
Change Net Name : Old Net Name=ETH1_4 New Net Name=ETH_CRS
Change Net Name : Old Net Name=ETH1_5 New Net Name=ETH_CLKLN
Change Net Name : Old Net Name=ETH1_6 New Net Name=ETH_RXD0
Change Net Name : Old Net Name=ETH1_7 New Net Name=ETH_RXD1
Change Net Name : Old Net Name=ETH1_8 New Net Name=ETH_TXEN
Change Net Name : Old Net Name=ETH1_9 New Net Name=ETH_TXD0
Change Net Name : Old Net Name=ETH1_10 New Net Name=ETH_TXD1
Change Net Name : Old Net Name=I2C1_CLK New Net Name=B1
Change Net Name : Old Net Name=I2C1_SDA New Net Name=B2
Change Net Name : Old Net Name=PWR1 New Net Name=P0_D1
Change Net Name : Old Net Name=PWR2 New Net Name=P0_D2
Change Net Name : Old Net Name=PWR3 New Net Name=P0_D3
Change Net Name : Old Net Name=SPI1_CL New Net Name=B3
Change Net Name : Old Net Name=SPI1_MI New Net Name=B4
Change Net Name : Old Net Name=SPI1_MO New Net Name=B5
Change Net Name : Old Net Name=SPI1_SS1 New Net Name=M1_D7
Change Net Name : Old Net Name=SPI1_SS2 New Net Name=M4_D7
Change Net Name : Old Net Name=SPI1_SS3 New Net Name=M3_D7
Change Net Name : Old Net Name=UART1_1 New Net Name=M1_D1
Change Net Name : Old Net Name=UART1_2 New Net Name=M1_D2
Change Net Name : Old Net Name=UART1_MCU_RX New Net Name=M4_D2
Change Net Name : Old Net Name=UART1_MCU_TX New Net Name=M4_D1
Change Net Name : Old Net Name=UART3_1 New Net Name=M3_D1
Change Net Name : Old Net Name=UART3_2 New Net Name=M3_D2
