#
# There is insufficient memory for the Java Runtime Environment to continue.
# Native memory allocation (mmap) failed to map 266338304 bytes for Failed to commit area from 0x0000000703600000 to 0x0000000713400000 of length 266338304.
# Possible reasons:
#   The system is out of physical RAM or swap space
#   The process is running with CompressedOops enabled, and the Java Heap may be blocking the growth of the native heap
# Possible solutions:
#   Reduce memory load on the system
#   Increase physical memory or swap space
#   Check if swap backing store is full
#   Decrease Java heap size (-Xmx/-Xms)
#   Decrease number of Java threads
#   Decrease Java thread stack sizes (-Xss)
#   Set larger code cache with -XX:ReservedCodeCacheSize=
# This output file may be truncated or incomplete.
#
#  Out of Memory Error (./src/hotspot/os/windows/os_windows.cpp:3301), pid=19492, tid=6568
#
# JRE version:  (11.0.10+9) (build )
# Java VM: OpenJDK 64-Bit Server VM (11.0.10+9, mixed mode, sharing, tiered, compressed oops, g1 gc, windows-amd64)
# No core dump will be written. Minidumps are not enabled by default on client versions of Windows
#

---------------  S U M M A R Y ------------

Command Line: 

Host: Intel(R) Core(TM) i5-1035G1 CPU @ 1.00GHz, 8 cores, 15G,  Windows 10 , 64 bit Build 19041 (10.0.19041.1706)
Time: Tue May 31 01:04:02 2022 RTZ 2 (зима) elapsed time: 0.022722 seconds (0d 0h 0m 0s)

---------------  T H R E A D  ---------------

Current thread (0x000002135a544800):  JavaThread "Unknown thread" [_thread_in_vm, id=6568, stack(0x000000d0840d0000,0x000000d0841d0000)]

Stack: [0x000000d0840d0000,0x000000d0841d0000]
Native frames: (J=compiled Java code, j=interpreted, Vv=VM code, C=native code)
V  [jvm.dll+0x5f35ea]
V  [jvm.dll+0x77c65e]
V  [jvm.dll+0x77dd2f]
V  [jvm.dll+0x77e3f3]
V  [jvm.dll+0x246c38]
V  [jvm.dll+0x5f079a]
V  [jvm.dll+0x5e53c5]
V  [jvm.dll+0x2fba4c]
V  [jvm.dll+0x2fb8d2]
V  [jvm.dll+0x300586]
V  [jvm.dll+0x344cff]
V  [jvm.dll+0x344730]
V  [jvm.dll+0x2d8cb8]
V  [jvm.dll+0x2d9e06]
V  [jvm.dll+0x757c77]
V  [jvm.dll+0x7593ff]
V  [jvm.dll+0x351a59]
V  [jvm.dll+0x73aea0]
V  [jvm.dll+0x3b929f]
V  [jvm.dll+0x3bb7a1]
C  [eclipse_11602.dll+0x72e2]
C  [eclipse_11602.dll+0x3f69]
C  [eclipsec.exe+0x1f27]
C  [eclipsec.exe+0x3bb4]
C  [KERNEL32.DLL+0x17034]
C  [ntdll.dll+0x52651]


---------------  P R O C E S S  ---------------

Threads class SMR info:
_java_thread_list=0x0000021357fcf9a0, length=0, elements={
}

Java Threads: ( => current thread )

Other Threads:
  0x000002135a55f000 GCTaskThread "GC Thread#0" [stack: 0x000000d084700000,0x000000d084800000] [id=5552]
  0x000002135a5cb800 ConcurrentGCThread "G1 Main Marker" [stack: 0x000000d084800000,0x000000d084900000] [id=16368]
  0x000002135a5ce000 ConcurrentGCThread "G1 Conc#0" [stack: 0x000000d084900000,0x000000d084a00000] [id=25392]

[error occurred during error reporting (printing all threads), id 0xc0000005, EXCEPTION_ACCESS_VIOLATION (0xc0000005) at pc=0x00007ff9926c8337]

VM state:not at safepoint (not fully initialized)

VM Mutex/Monitor currently owned by a thread:  ([mutex/lock_event])
[0x000002135a541490] Heap_lock - owner thread: 0x000002135a544800

Heap address: 0x0000000703600000, size: 4042 MB, Compressed Oops mode: Non-zero based: 0x0000000703600000
Narrow klass base: 0x0000000000000000, Narrow klass shift: 0

GC Heap History (0 events):
No events

Deoptimization events (0 events):
No events

Classes redefined (0 events):
No events

Internal exceptions (0 events):
No events

Events (1 events):
Event: 0.012 Loaded shared library C:\Program Files\STMicroelectronics\STM32Cube\STM32CubeMX\jre\bin\zip.dll


Dynamic libraries:
0x00007ff66d630000 - 0x00007ff66d66c000 	C:\Program Files\STMicroelectronics\STM32Cube\STM32CubeMX\third_parties_plugins\binaries\STM32CubeIDE-MX-services\revA\win32\win32\x86_64\eclipsec.exe
0x00007ffa0cc30000 - 0x00007ffa0ce25000 	C:\Windows\SYSTEM32\ntdll.dll
0x00007ffa0cb30000 - 0x00007ffa0cbed000 	C:\Windows\System32\KERNEL32.DLL
0x00007ffa0a3b0000 - 0x00007ffa0a67d000 	C:\Windows\System32\KERNELBASE.dll
0x00007ffa07750000 - 0x00007ffa077e0000 	C:\Windows\SYSTEM32\apphelp.dll
0x00007ffa0b5d0000 - 0x00007ffa0b770000 	C:\Windows\System32\USER32.dll
0x00007ffa0ac00000 - 0x00007ffa0ac22000 	C:\Windows\System32\win32u.dll
0x00007ffa0c7c0000 - 0x00007ffa0c7ea000 	C:\Windows\System32\GDI32.dll
0x00007ffa0a740000 - 0x00007ffa0a84b000 	C:\Windows\System32\gdi32full.dll
0x00007ffa0a9b0000 - 0x00007ffa0aa4d000 	C:\Windows\System32\msvcp_win.dll
0x00007ffa0aa50000 - 0x00007ffa0ab50000 	C:\Windows\System32\ucrtbase.dll
0x00007ff9e9ec0000 - 0x00007ff9e9f70000 	C:\Windows\WinSxS\amd64_microsoft.windows.common-controls_6595b64144ccf1df_5.82.19041.1110_none_792d1c772443f647\COMCTL32.dll
0x00007ffa0b520000 - 0x00007ffa0b5ce000 	C:\Windows\System32\ADVAPI32.dll
0x00007ffa0be80000 - 0x00007ffa0bf1e000 	C:\Windows\System32\msvcrt.dll
0x00007ffa0bf20000 - 0x00007ffa0bfbc000 	C:\Windows\System32\sechost.dll
0x00007ffa0ac80000 - 0x00007ffa0ada5000 	C:\Windows\System32\RPCRT4.dll
0x00007ffa0b2e0000 - 0x00007ffa0b310000 	C:\Windows\System32\IMM32.DLL
0x00007ffa01320000 - 0x00007ffa0135e000 	C:\Program Files\STMicroelectronics\STM32Cube\STM32CubeMX\third_parties_plugins\binaries\STM32CubeIDE-MX-services\revA\pool\plugins\org.eclipse.equinox.launcher.win32.win32.x86_64_1.2.400.v20211117-0650\eclipse_11602.dll
0x00007ffa0b310000 - 0x00007ffa0b43a000 	C:\Windows\System32\ole32.dll
0x00007ffa0b8c0000 - 0x00007ffa0bc14000 	C:\Windows\System32\combase.dll
0x00007ffa082e0000 - 0x00007ffa082ea000 	C:\Windows\SYSTEM32\VERSION.dll
0x00007ff9923e0000 - 0x00007ff992f23000 	C:\Program Files\STMicroelectronics\STM32Cube\STM32CubeMX\jre\bin\server\jvm.dll
0x00007ffa0b230000 - 0x00007ffa0b238000 	C:\Windows\System32\PSAPI.DLL
0x00007ff9e6870000 - 0x00007ff9e6897000 	C:\Windows\SYSTEM32\WINMM.dll
0x00007ff9f3fe0000 - 0x00007ff9f3fe9000 	C:\Windows\SYSTEM32\WSOCK32.dll
0x00007ff9f5690000 - 0x00007ff9f56ab000 	C:\Windows\SYSTEM32\VCRUNTIME140.dll
0x00007ffa0bc20000 - 0x00007ffa0bc8b000 	C:\Windows\System32\WS2_32.dll
0x00007ffa05c90000 - 0x00007ffa05ca0000 	C:\Program Files\STMicroelectronics\STM32Cube\STM32CubeMX\jre\bin\verify.dll
0x00007ff9f4220000 - 0x00007ff9f4404000 	C:\Windows\SYSTEM32\DBGHELP.DLL
0x00007ff9f06d0000 - 0x00007ff9f06fc000 	C:\Windows\SYSTEM32\dbgcore.DLL
0x00007ffa0a6b0000 - 0x00007ffa0a732000 	C:\Windows\System32\bcryptPrimitives.dll
0x00007ffa02640000 - 0x00007ffa02668000 	C:\Program Files\STMicroelectronics\STM32Cube\STM32CubeMX\jre\bin\java.dll
0x00007ffa05990000 - 0x00007ffa0599a000 	C:\Program Files\STMicroelectronics\STM32Cube\STM32CubeMX\jre\bin\jimage.dll
0x00007ffa02480000 - 0x00007ffa02497000 	C:\Program Files\STMicroelectronics\STM32Cube\STM32CubeMX\jre\bin\zip.dll
0x00007ffa08b90000 - 0x00007ffa08ba2000 	C:\Windows\SYSTEM32\kernel.appcore.dll

dbghelp: loaded successfully - version: 4.0.5 - missing functions: none
symbol engine: initialized successfully - sym options: 0x614 - pdb path: .;C:\Program Files\STMicroelectronics\STM32Cube\STM32CubeMX\third_parties_plugins\binaries\STM32CubeIDE-MX-services\revA\win32\win32\x86_64;C:\Windows\SYSTEM32;C:\Windows\WinSxS\amd64_microsoft.windows.common-controls_6595b64144ccf1df_5.82.19041.1110_none_792d1c772443f647;C:\Program Files\STMicroelectronics\STM32Cube\STM32CubeMX\third_parties_plugins\binaries\STM32CubeIDE-MX-services\revA\pool\plugins\org.eclipse.equinox.launcher.win32.win32.x86_64_1.2.400.v20211117-0650;C:\Program Files\STMicroelectronics\STM32Cube\STM32CubeMX\jre\bin\server;C:\Program Files\STMicroelectronics\STM32Cube\STM32CubeMX\jre\bin

VM Arguments:
java_command: <unknown>
java_class_path (initial): C:\Program Files\STMicroelectronics\STM32Cube\STM32CubeMX\third_parties_plugins\binaries\STM32CubeIDE-MX-services\revA\win32\win32\x86_64\\../../../pool/plugins/org.eclipse.equinox.launcher_1.6.400.v20210924-0641.jar
Launcher Type: generic

[Global flags]
     intx CICompilerCount                          = 4                                         {product} {ergonomic}
     uint ConcGCThreads                            = 2                                         {product} {ergonomic}
     uint G1ConcRefinementThreads                  = 8                                         {product} {ergonomic}
   size_t G1HeapRegionSize                         = 1048576                                   {product} {ergonomic}
    uintx GCDrainStackTargetSize                   = 64                                        {product} {ergonomic}
   size_t InitialHeapSize                          = 266338304                                 {product} {ergonomic}
   size_t MarkStackSize                            = 4194304                                   {product} {ergonomic}
   size_t MaxHeapSize                              = 4238344192                                {product} {ergonomic}
   size_t MinHeapDeltaBytes                        = 1048576                                   {product} {ergonomic}
    uintx NonNMethodCodeHeapSize                   = 5836300                                {pd product} {ergonomic}
    uintx NonProfiledCodeHeapSize                  = 122910970                              {pd product} {ergonomic}
    uintx ProfiledCodeHeapSize                     = 122910970                              {pd product} {ergonomic}
    uintx ReservedCodeCacheSize                    = 251658240                              {pd product} {ergonomic}
     bool SegmentedCodeCache                       = true                                      {product} {ergonomic}
     bool UseCompressedClassPointers               = true                                 {lp64_product} {ergonomic}
     bool UseCompressedOops                        = true                                 {lp64_product} {ergonomic}
     bool UseG1GC                                  = true                                      {product} {ergonomic}
     bool UseLargePagesIndividualAllocation        = false                                  {pd product} {ergonomic}

Logging:
Log output configuration:
 #0: stdout all=warning uptime,level,tags
 #1: stderr all=off uptime,level,tags

Environment Variables:
PATH=C:\Program Files\STMicroelectronics\STM32Cube\STM32CubeMX\;C:\Python39\Scripts\;C:\Python39\;C:\Program Files (x86)\Common Files\Oracle\Java\javapath;C:\Windows\system32;C:\Windows;C:\Windows\System32\Wbem;C:\Windows\System32\WindowsPowerShell\v1.0\;C:\Windows\System32\OpenSSH\;C:\Program Files\PuTTY\;C:\Program Files\Git\cmd;D:\YD\electronics\TOOLS\stm32flash-0.5-win64;D:\YD\electronics\TOOLS\modpoll-3.6\win;D:\YD\electronics\TOOLS\hterm;C:\Program Files\Amazon\AWSCLIV2\;C:\Program Files\Microchip\xc8\v2.32\bin;C:\Program Files\Microchip\xc16\v1.61\bin;C:\Program Files\Microchip\xc32\v2.50\bin;C:\Program Files\Microchip\xc8\v2.31\bin;C:\Program Files\dotnet\;C:\Program Files (x86)\STMicroelectronics\STM32 ST-LINK Utility\ST-LINK Utility;C:\Program Files\Nordic Semiconductor\nrf-command-line-tools\bin\;C:\Users\admin\AppData\Local\Microsoft\WindowsApps;;C:\Microsoft\VS Code\bin;C:\Program Files\STMicroelectronics\STM32Cube\STM32CubeMX\.\jre\\bin
USERNAME=admin
OS=Windows_NT
PROCESSOR_IDENTIFIER=Intel64 Family 6 Model 126 Stepping 5, GenuineIntel



---------------  S Y S T E M  ---------------

OS: Windows 10 , 64 bit Build 19041 (10.0.19041.1706)
OS uptime: 12 days 12:39 hours
Hyper-V role detected

CPU:total 8 (initial active 8) (4 cores per cpu, 2 threads per core) family 6 model 126 stepping 5 microcode 0x86, cmov, cx8, fxsr, mmx, sse, sse2, sse3, ssse3, sse4.1, sse4.2, popcnt, avx, avx2, aes, clmul, erms, 3dnowpref, lzcnt, ht, tsc, tscinvbit, bmi1, bmi2, adx, evex, sha, fma

Memory: 4k page, system-wide physical 16161M (4505M free)
TotalPageFile size 46001M (AvailPageFile size 236M)
current process WorkingSet (physical memory assigned to process): 11M, peak: 11M
current process commit charge ("private bytes"): 61M, peak: 315M

vm_info: OpenJDK 64-Bit Server VM (11.0.10+9) for windows-amd64 JRE (11.0.10+9), built on Jan 20 2021 06:07:07 by "" with MS VC++ 15.9 (VS2017)

END.
