Removed Pin From Net: NetName=VCC_IN Pin=C21-1
Removed Pin From Net: NetName=GND Pin=C21-2
Removed Member From Class: ClassName=PWR_M_V1 Member=C21
Added Component: Designator=C?(CAPC2012X125N)
Add component. Clean all parameters for all variants
Add component (AddParameter): Name = "Datasheet Link"; Value = "https://componentsearchengine.com/Datasheets/1/C0805C475K3RACAUTO.pdf"; VariantName = "[No Variations]"
Add component (AddParameter): Name = "Height"; Value = "1.25mm"; VariantName = "[No Variations]"
Add component (AddParameter): Name = "Manufacturer_Name"; Value = "Kemet"; VariantName = "[No Variations]"
Add component (AddParameter): Name = "Manufacturer_Part_Number"; Value = "C0805C475K3RACAUTO"; VariantName = "[No Variations]"
Add component (AddParameter): Name = "Mouser2 Part Number"; Value = "80-C0805C475K3RAUTO"; VariantName = "[No Variations]"
Add component (AddParameter): Name = "Mouser2 Price/Stock"; Value = "https://www.mouser.com/Search/Refine.aspx?Keyword=80-C0805C475K3RAUTO"; VariantName = "[No Variations]"
Add component (AddParameter): Name = "Supplier 1"; Value = "Mouser"; VariantName = "[No Variations]"
Add component (AddParameter): Name = "Supplier Part Number 1"; Value = "80-C0805C475K3RAUTO"; VariantName = "[No Variations]"
Added Component: Designator=C?(CAPC2012X125N)
Add component. Clean all parameters for all variants
Add component (AddParameter): Name = "Datasheet Link"; Value = "https://componentsearchengine.com/Datasheets/1/C0805C475K3RACAUTO.pdf"; VariantName = "[No Variations]"
Add component (AddParameter): Name = "Height"; Value = "1.25mm"; VariantName = "[No Variations]"
Add component (AddParameter): Name = "Manufacturer_Name"; Value = "Kemet"; VariantName = "[No Variations]"
Add component (AddParameter): Name = "Manufacturer_Part_Number"; Value = "C0805C475K3RACAUTO"; VariantName = "[No Variations]"
Add component (AddParameter): Name = "Mouser2 Part Number"; Value = "80-C0805C475K3RAUTO"; VariantName = "[No Variations]"
Add component (AddParameter): Name = "Mouser2 Price/Stock"; Value = "https://www.mouser.com/Search/Refine.aspx?Keyword=80-C0805C475K3RAUTO"; VariantName = "[No Variations]"
Add component (AddParameter): Name = "Supplier 1"; Value = "Mouser"; VariantName = "[No Variations]"
Add component (AddParameter): Name = "Supplier Part Number 1"; Value = "80-C0805C475K3RAUTO"; VariantName = "[No Variations]"
Added Component: Designator=L21(INDPM4040X300N)
Add component. Clean all parameters for all variants
Add component (AddParameter): Name = "Supplier 1"; Value = "Mouser"; VariantName = "[No Variations]"
Add component (AddParameter): Name = "Supplier Part Number 1"; Value = "815-ASPI-4030S-330MT"; VariantName = "[No Variations]"
Added Pin To Net: NetName=GND Pin=C?-1
Added Pin To Net: NetName=GND Pin=C?-1
Added Pin To Net: NetName=VCC_IN Pin=C?-2
Added Pin To Net: NetName=VCC_IN Pin=C?-2
Added Pin To Net: NetName=NetC28_2 Pin=L21-1
Added Pin To Net: NetName=VCC1 Pin=L21-2
Added Member To Class: ClassName=PWR_M_V1 Member=Component C? C0805C475K3RACAUTO
Added Member To Class: ClassName=PWR_M_V1 Member=Component C? C0805C475K3RACAUTO
Added Member To Class: ClassName=PWR_M_V1 Member=Component L21 ASPI-4030S-330M-T
