Added Component: Designator=C3111(SMD-0805C)
Add component. Clean all parameters for all variants
Add component (AddParameter): Name = "@ qty"; Value = "0"; VariantName = "[No Variations]"
Add component (AddParameter): Name = "Applications"; Value = "Automotive"; VariantName = "[No Variations]"
Add component (AddParameter): Name = "Datasheets"; Value = "http://www.murata.com/~/media/webrenewal/support/library/catalog/products/capacitor/mlcc/c03e.ashx"; VariantName = "[No Variations]"
Add component (AddParameter): Name = "Digi-Key Part Number"; Value = "490-4787-1-ND"; VariantName = "[No Variations]"
Add component (AddParameter): Name = "Factory Stock"; Value = "0"; VariantName = "[No Variations]"
Add component (AddParameter): Name = "Features"; Value = "-"; VariantName = "[No Variations]"
Add component (AddParameter): Name = "Height - Seated (Max)"; Value = "-"; VariantName = "[No Variations]"
Add component (AddParameter): Name = "Image"; Value = "//media.digikey.com/photos/Murata%20Photos/NCP,GCM%20SERIES%200805.jpg"; VariantName = "[No Variations]"
Add component (AddParameter): Name = "Lead Spacing"; Value = "-"; VariantName = "[No Variations]"
Add component (AddParameter): Name = "Lead Style"; Value = "-"; VariantName = "[No Variations]"
Add component (AddParameter): Name = "Manufacturer"; Value = "Murata Electronics North America"; VariantName = "[No Variations]"
Add component (AddParameter): Name = "Minimum Quantity"; Value = "1"; VariantName = "[No Variations]"
Add component (AddParameter): Name = "Mounting Type"; Value = "Surface Mount, MLCC"; VariantName = "[No Variations]"
Add component (AddParameter): Name = "Operating Temperature"; Value = "-55°C ~ 125°C"; VariantName = "[No Variations]"
Add component (AddParameter): Name = "Package / Case"; Value = "0805 (2012 Metric)"; VariantName = "[No Variations]"
Add component (AddParameter): Name = "Packaging"; Value = "Cut Tape (CT)"; VariantName = "[No Variations]"
Add component (AddParameter): Name = "Part Number"; Value = "GCM21BR71E225KA73L"; VariantName = "[No Variations]"
Add component (AddParameter): Name = "Part Status"; Value = "Active"; VariantName = "[No Variations]"
Add component (AddParameter): Name = "Quantity Available"; Value = "18461"; VariantName = "[No Variations]"
Add component (AddParameter): Name = "Ratings"; Value = "AEC-Q200"; VariantName = "[No Variations]"
Add component (AddParameter): Name = "Series"; Value = "GCM"; VariantName = "[No Variations]"
Add component (AddParameter): Name = "Size / Dimension"; Value = "0.079" L x 0.049" W (2.00mm x 1.25mm)"; VariantName = "[No Variations]"
Add component (AddParameter): Name = "Supplier 1"; Value = "Mouser"; VariantName = "[No Variations]"
Add component (AddParameter): Name = "Supplier Part Number 1"; Value = "81-GCM21BR71E225KA3L"; VariantName = "[No Variations]"
Add component (AddParameter): Name = "Temperature Coefficient"; Value = "X7R"; VariantName = "[No Variations]"
Add component (AddParameter): Name = "Thickness (Max)"; Value = "0.055" (1.40mm)"; VariantName = "[No Variations]"
Add component (AddParameter): Name = "Tolerance"; Value = "±10%"; VariantName = "[No Variations]"
Add component (AddParameter): Name = "Unit Price (USD)"; Value = "0.35"; VariantName = "[No Variations]"
Add component (AddParameter): Name = "Value"; Value = "2.2µF"; VariantName = "[No Variations]"
Add component (AddParameter): Name = "Voltage"; Value = "25V"; VariantName = "[No Variations]"
Added Pin To Net: NetName=VCC_IN Pin=C31-1
Added Pin To Net: NetName=GND Pin=C31-2
Added Pin To Net: NetName=VCC3 Pin=C32-1
Added Pin To Net: NetName=GND Pin=C32-2
Added Pin To Net: NetName=VCC3 Pin=C33-1
Added Pin To Net: NetName=GND Pin=C33-2
Added Pin To Net: NetName=VCC3 Pin=C313-1
Added Pin To Net: NetName=GND Pin=C313-2
Added Pin To Net: NetName=VCC_IN Pin=C3111-1
Added Pin To Net: NetName=GND Pin=C3111-2
Added Pin To Net: NetName=NetL31_1 Pin=L31-1
Added Pin To Net: NetName=VCC3 Pin=L31-2
Added Pin To Net: NetName=NetR31_1 Pin=R31-1
Added Pin To Net: NetName=VCC3 Pin=R31-2
Added Pin To Net: NetName=NetR32_1 Pin=R32-1
Added Pin To Net: NetName=VCC3 Pin=R32-2
Added Pin To Net: NetName=GND Pin=R33-1
Added Pin To Net: NetName=NetR32_1 Pin=R33-2
Added Pin To Net: NetName=GND Pin=U3-1
Added Pin To Net: NetName=VCC_IN Pin=U3-2
Added Pin To Net: NetName=VCC_IN Pin=U3-3
Added Pin To Net: NetName=GND Pin=U3-4
Added Pin To Net: NetName=NetR32_1 Pin=U3-5
Added Pin To Net: NetName=GND Pin=U3-6
Added Pin To Net: NetName=NetR31_1 Pin=U3-7
Added Pin To Net: NetName=VCC3 Pin=U3-8
Added Pin To Net: NetName=NetL31_1 Pin=U3-9
Added Pin To Net: NetName=VCC3 Pin=U3-10
Added Pin To Net: NetName=GND Pin=U3-11_1
Added Pin To Net: NetName=GND Pin=U3-11_2
Added Pin To Net: NetName=GND Pin=U3-11_3
Added Pin To Net: NetName=GND Pin=U3-11
Added Member To Class: ClassName=PWR_M_V1 Member=Component C31 2.2µF
Added Member To Class: ClassName=PWR_M_V1 Member=Component C32 22µF
Added Member To Class: ClassName=PWR_M_V1 Member=Component C33 22µF
Added Member To Class: ClassName=PWR_M_V1 Member=Component C313 22µF
Added Member To Class: ClassName=PWR_M_V1 Member=Component C3111 2.2µF
Added Member To Class: ClassName=PWR_M_V1 Member=Component L31 SRR3011-100YL
Added Member To Class: ClassName=PWR_M_V1 Member=Component R31 100k
Added Member To Class: ClassName=PWR_M_V1 Member=Component R32 47k
Added Member To Class: ClassName=PWR_M_V1 Member=Component R33 15k
Added Member To Class: ClassName=PWR_M_V1 Member=Component U3 TPS62175DQCR
