Removed Pin From Net: NetName=VCC1 Pin=C26-1
Removed Pin From Net: NetName=GND Pin=C26-2
Removed Pin From Net: NetName=VCC1 Pin=C27-1
Removed Pin From Net: NetName=GND Pin=C27-2
Change Component Comment : Designator=C26 Old Comment=22µF New Comment=EMK212BB7106KG-T
Change Component Comment : Designator=C27 Old Comment=22µF New Comment=EMK212BB7106KG-T
Change Component Designator: OldDesignator=C28 NewDesignator=C210
Change component parameters: Designator = "C26"; Footprint = "CAPC2012X135N"; UniqueID = "\CPPCLSGU"
Change component parameters. Clean all parameters for all variants
Change component parameters (AddParameter): Name = "Datasheet Link"; Value = ""; VariantName = "[No Variations]"
Change component parameters (AddParameter): Name = "Height"; Value = "1.35mm"; VariantName = "[No Variations]"
Change component parameters (AddParameter): Name = "Manufacturer_Name"; Value = "TAIYO YUDEN"; VariantName = "[No Variations]"
Change component parameters (AddParameter): Name = "Manufacturer_Part_Number"; Value = "EMK212BB7106KG-T"; VariantName = "[No Variations]"
Change component parameters (AddParameter): Name = "Mouser2 Part Number"; Value = ""; VariantName = "[No Variations]"
Change component parameters (AddParameter): Name = "Mouser2 Price/Stock"; Value = ""; VariantName = "[No Variations]"
Change component parameters (AddParameter): Name = "Supplier 1"; Value = "Mouser"; VariantName = "[No Variations]"
Change component parameters (AddParameter): Name = "Supplier Part Number 1"; Value = "963-EMK212BB7106KG-T"; VariantName = "[No Variations]"
Change component parameters: Designator = "C27"; Footprint = "CAPC2012X135N"; UniqueID = "\SYACNXDQ"
Change component parameters. Clean all parameters for all variants
Change component parameters (AddParameter): Name = "Datasheet Link"; Value = ""; VariantName = "[No Variations]"
Change component parameters (AddParameter): Name = "Height"; Value = "1.35mm"; VariantName = "[No Variations]"
Change component parameters (AddParameter): Name = "Manufacturer_Name"; Value = "TAIYO YUDEN"; VariantName = "[No Variations]"
Change component parameters (AddParameter): Name = "Manufacturer_Part_Number"; Value = "EMK212BB7106KG-T"; VariantName = "[No Variations]"
Change component parameters (AddParameter): Name = "Mouser2 Part Number"; Value = ""; VariantName = "[No Variations]"
Change component parameters (AddParameter): Name = "Mouser2 Price/Stock"; Value = ""; VariantName = "[No Variations]"
Change component parameters (AddParameter): Name = "Supplier 1"; Value = "Mouser"; VariantName = "[No Variations]"
Change component parameters (AddParameter): Name = "Supplier Part Number 1"; Value = "963-EMK212BB7106KG-T"; VariantName = "[No Variations]"
Added Pin To Net: NetName=GND Pin=C26-1
Added Pin To Net: NetName=VCC1 Pin=C26-2
Added Pin To Net: NetName=GND Pin=C27-1
Added Pin To Net: NetName=VCC1 Pin=C27-2
Change Net Name : Old Net Name=NetC28_1 New Net Name=NetC210_1
Change Net Name : Old Net Name=NetC28_2 New Net Name=NetC210_2
Added Member To Class: ClassName=PWR_M_V1 Member=Component C21 C0805C475K3RACAUTO
Added Member To Class: ClassName=PWR_M_V1 Member=Component C210 0.10µF
