Removed Pin From Net: NetName=UART1_1 Pin=H1-26
Removed Pin From Net: NetName=UART1_2 Pin=H1-27
Removed Pin From Net: NetName=UART2_1 Pin=H1-28
Removed Pin From Net: NetName=UART2_2 Pin=H1-29
Removed Pin From Net: NetName=I2C1_SDA Pin=H1-30
Removed Pin From Net: NetName=I2C1_CLK Pin=H1-31
Removed Pin From Net: NetName=SPI1_MI Pin=H1-32
Removed Pin From Net: NetName=SPI1_MO Pin=H1-33
Removed Pin From Net: NetName=SPI1_CL Pin=H1-34
Removed Pin From Net: NetName=SPI1_SS1 Pin=H1-35
Removed Pin From Net: NetName=SPI1_SS2 Pin=H1-36
Removed Pin From Net: NetName=SPI1_SS3 Pin=H1-37
Removed Pin From Net: NetName=UART3_1 Pin=H1-38
Removed Pin From Net: NetName=UART3_2 Pin=H1-39
Removed Pin From Net: NetName=D1-1 Pin=H1-40
Removed Pin From Net: NetName=D1-2 Pin=H1-41
Removed Pin From Net: NetName=D2-1 Pin=H1-42
Removed Pin From Net: NetName=D2-2 Pin=H1-43
Removed Pin From Net: NetName=ADC4 Pin=H1-46
Removed Pin From Net: NetName=ADC3 Pin=H1-47
Removed Pin From Net: NetName=ETH1_10 Pin=H1-51
Removed Pin From Net: NetName=ETH1_9 Pin=H1-52
Removed Pin From Net: NetName=ETH1_8 Pin=H1-53
Removed Pin From Net: NetName=ETH1_7 Pin=H1-54
Removed Pin From Net: NetName=ETH1_6 Pin=H1-55
Removed Pin From Net: NetName=ETH1_1 Pin=H2-21
Removed Pin From Net: NetName=ETH1_2 Pin=H2-22
Removed Pin From Net: NetName=ETH1_3 Pin=H2-23
Removed Pin From Net: NetName=ETH1_4 Pin=H2-24
Removed Pin From Net: NetName=ETH1_5 Pin=H2-25
Removed Pin From Net: NetName=ETH1_6 Pin=H2-27
Removed Pin From Net: NetName=ETH1_7 Pin=H2-28
Removed Pin From Net: NetName=ETH1_8 Pin=H2-29
Removed Pin From Net: NetName=ETH1_9 Pin=H2-30
Removed Pin From Net: NetName=ETH1_10 Pin=H2-31
Added Pin To Net: NetName=ETH1_6 Pin=H1-26
Added Pin To Net: NetName=ETH1_7 Pin=H1-27
Added Pin To Net: NetName=ETH1_8 Pin=H1-28
Added Pin To Net: NetName=ETH1_9 Pin=H1-29
Added Pin To Net: NetName=ETH1_10 Pin=H1-30
Added Pin To Net: NetName=GND Pin=H1-31
Added Pin To Net: NetName=ADC3 Pin=H1-32
Added Pin To Net: NetName=ADC4 Pin=H1-33
Added Pin To Net: NetName=UART2_1 Pin=H1-34
Added Pin To Net: NetName=UART2_2 Pin=H1-35
Added Pin To Net: NetName=SPI1_SS1 Pin=H1-36
Added Pin To Net: NetName=SPI1_SS2 Pin=H1-37
Added Pin To Net: NetName=SPI1_SS3 Pin=H1-38
Added Pin To Net: NetName=UART3_1 Pin=H1-39
Added Pin To Net: NetName=UART3_2 Pin=H1-40
Added Pin To Net: NetName=D1-1 Pin=H1-41
Added Pin To Net: NetName=D1-2 Pin=H1-42
Added Pin To Net: NetName=D2-1 Pin=H1-43
Added Pin To Net: NetName=D2-2 Pin=H1-44
Added Pin To Net: NetName=UART1_2 Pin=H1-46
Added Pin To Net: NetName=UART1_1 Pin=H1-47
Added Pin To Net: NetName=I2C1_CLK Pin=H1-51
Added Pin To Net: NetName=I2C1_SDA Pin=H1-52
Added Pin To Net: NetName=SPI1_CL Pin=H1-53
Added Pin To Net: NetName=SPI1_MO Pin=H1-54
Added Pin To Net: NetName=SPI1_MI Pin=H1-55
Added Pin To Net: NetName=ETH1_1 Pin=H2-27
Added Pin To Net: NetName=ETH1_2 Pin=H2-28
Added Pin To Net: NetName=ETH1_3 Pin=H2-29
Added Pin To Net: NetName=ETH1_4 Pin=H2-30
Added Pin To Net: NetName=ETH1_5 Pin=H2-31
Added Pin To Net: NetName=GND Pin=H2-59
Added Pin To Net: NetName=ETH1_10 Pin=H2-60
Added Pin To Net: NetName=ETH1_9 Pin=H2-61
Added Pin To Net: NetName=ETH1_8 Pin=H2-62
Added Pin To Net: NetName=ETH1_7 Pin=H2-63
Added Pin To Net: NetName=ETH1_6 Pin=H2-64
Added Pin To Net: NetName=GND Pin=H2-65
