Removed Pin From Net: NetName=IN_VCC Pin=H1-1
Removed Pin From Net: NetName=IN_VCC Pin=H1-2
Removed Pin From Net: NetName=IN_VCC Pin=H1-3
Removed Pin From Net: NetName=IN_VCC Pin=H1-4
Removed Pin From Net: NetName=IN_VCC Pin=H1-5
Removed Pin From Net: NetName=IN_VCC Pin=H1-6
Removed Pin From Net: NetName=IN_VCC Pin=H1-7
Removed Pin From Net: NetName=GND Pin=H1-82
Removed Pin From Net: NetName=GND Pin=H1-83
Removed Pin From Net: NetName=GND Pin=H1-84
Removed Pin From Net: NetName=GND Pin=H1-85
Removed Pin From Net: NetName=GND Pin=H1-86
Removed Pin From Net: NetName=GND Pin=H1-87
Removed Pin From Net: NetName=GND Pin=H1-88
Added Pin To Net: NetName=GND Pin=H1-1
Added Pin To Net: NetName=GND Pin=H1-2
Added Pin To Net: NetName=GND Pin=H1-3
Added Pin To Net: NetName=GND Pin=H1-4
Added Pin To Net: NetName=GND Pin=H1-5
Added Pin To Net: NetName=GND Pin=H1-6
Added Pin To Net: NetName=GND Pin=H1-7
Added Pin To Net: NetName=IN_VCC Pin=H1-82
Added Pin To Net: NetName=IN_VCC Pin=H1-83
Added Pin To Net: NetName=IN_VCC Pin=H1-84
Added Pin To Net: NetName=IN_VCC Pin=H1-85
Added Pin To Net: NetName=IN_VCC Pin=H1-86
Added Pin To Net: NetName=IN_VCC Pin=H1-87
Added Pin To Net: NetName=IN_VCC Pin=H1-88
Added Room: Name=MainBoard
