Removed Pin From Net: NetName=ADC5 Pin=H1-48
Removed Pin From Net: NetName=ADC4 Pin=H1-49
Removed Pin From Net: NetName=ADC3 Pin=H1-50
Removed Pin From Net: NetName=ADC2 Pin=H1-51
Removed Pin From Net: NetName=ADC1 Pin=H1-52
Removed Pin From Net: NetName=GND Pin=H1-53
Removed Pin From Net: NetName=ETH1_10 Pin=H1-54
Removed Pin From Net: NetName=ETH1_9 Pin=H1-55
Removed Pin From Net: NetName=ETH1_8 Pin=H1-56
Removed Pin From Net: NetName=ETH1_7 Pin=H1-57
Removed Pin From Net: NetName=ETH1_6 Pin=H1-58
Removed Pin From Net: NetName=GND Pin=H1-59
Removed Pin From Net: NetName=ETH1_5 Pin=H1-60
Removed Pin From Net: NetName=ETH1_4 Pin=H1-61
Removed Pin From Net: NetName=ETH1_3 Pin=H1-62
Removed Pin From Net: NetName=ETH1_2 Pin=H1-63
Removed Pin From Net: NetName=ETH1_1 Pin=H1-64
Removed Pin From Net: NetName=GND Pin=H1-65
Removed Pin From Net: NetName=VCC1 Pin=H1-66
Removed Pin From Net: NetName=VCC1 Pin=H1-67
Removed Pin From Net: NetName=VCC1 Pin=H1-68
Removed Pin From Net: NetName=GND Pin=H2-20
Added Pin To Net: NetName=ADC5 Pin=H1-45
Added Pin To Net: NetName=ADC4 Pin=H1-46
Added Pin To Net: NetName=ADC3 Pin=H1-47
Added Pin To Net: NetName=ADC2 Pin=H1-48
Added Pin To Net: NetName=ADC1 Pin=H1-49
Added Pin To Net: NetName=GND Pin=H1-50
Added Pin To Net: NetName=ETH1_10 Pin=H1-51
Added Pin To Net: NetName=ETH1_9 Pin=H1-52
Added Pin To Net: NetName=ETH1_8 Pin=H1-53
Added Pin To Net: NetName=ETH1_7 Pin=H1-54
Added Pin To Net: NetName=ETH1_6 Pin=H1-55
Added Pin To Net: NetName=GND Pin=H1-56
Added Pin To Net: NetName=ETH1_5 Pin=H1-57
Added Pin To Net: NetName=ETH1_4 Pin=H1-58
Added Pin To Net: NetName=ETH1_3 Pin=H1-59
Added Pin To Net: NetName=ETH1_2 Pin=H1-60
Added Pin To Net: NetName=ETH1_1 Pin=H1-61
Added Pin To Net: NetName=GND Pin=H1-62
Added Pin To Net: NetName=VCC1 Pin=H1-74
Added Pin To Net: NetName=VCC1 Pin=H1-75
Added Pin To Net: NetName=PWR1 Pin=H1-63
Added Pin To Net: NetName=PWR1 Pin=H1-68
Added Net: Name=PWR1
Added Pin To Net: NetName=PWR2 Pin=H1-64
Added Pin To Net: NetName=PWR2 Pin=H1-67
Added Net: Name=PWR2
Added Pin To Net: NetName=PWR3 Pin=H1-65
Added Pin To Net: NetName=PWR3 Pin=H1-66
Added Net: Name=PWR3
Added Pin To Net: NetName=UART3_1 Pin=H1-41
Added Pin To Net: NetName=UART3_1 Pin=H2-76
Added Net: Name=UART3_1
Added Pin To Net: NetName=UART3_2 Pin=H1-42
Added Pin To Net: NetName=UART3_2 Pin=H2-77
Added Net: Name=UART3_2
